<?xml version="1.0" encoding="UTF-8"?>
<testng-results ignored="0" total="1" passed="1" failed="0" skipped="0">
  <reporter-output>
  </reporter-output>
  <suite started-at="2022-10-04T00:58:18 IST" name="Default suite" finished-at="2022-10-04T00:58:42 IST" duration-ms="23970">
    <groups>
    </groups>
    <test started-at="2022-10-04T00:58:18 IST" name="Default test" finished-at="2022-10-04T00:58:42 IST" duration-ms="23970">
      <class name="WebApplication.Login">
        <test-method signature="login()[pri:0, instance:WebApplication.Login@3d74bf60]" started-at="2022-10-04T00:58:18 IST" name="login" finished-at="2022-10-04T00:58:42 IST" duration-ms="23894" status="PASS">
          <reporter-output>
          </reporter-output>
        </test-method> <!-- login -->
      </class> <!-- WebApplication.Login -->
    </test> <!-- Default test -->
  </suite> <!-- Default suite -->
</testng-results>
