<?xml version="1.0" encoding="UTF-8"?>
<!-- Generated by org.testng.reporters.JUnitXMLReporter -->
<testsuite ignored="0" hostname="LAPTOP-JUSI4RSV" failures="0" tests="5" name="Default test" time="66.218" errors="0" timestamp="2022-10-12T00:37:46 IST">
  <testcase classname="webapp.application" name="Pageloadtime" time="23.46"/>
  <testcase classname="webapp.application" name="Search" time="5.131"/>
  <testcase classname="webapp.application" name="Scroll" time="4.89"/>
  <testcase classname="webapp.application" name="Download" time="3.876"/>
  <testcase classname="webapp.application" name="diffBrowser" time="22.556"/>
</testsuite> <!-- Default test -->
