<?xml version="1.0" encoding="UTF-8"?>
<testng-results ignored="0" total="5" passed="5" failed="0" skipped="0">
  <reporter-output>
  </reporter-output>
  <suite started-at="2022-10-12T00:36:39 IST" name="Default suite" finished-at="2022-10-12T00:37:46 IST" duration-ms="66218">
    <groups>
    </groups>
    <test started-at="2022-10-12T00:36:39 IST" name="Default test" finished-at="2022-10-12T00:37:46 IST" duration-ms="66218">
      <class name="webapp.application">
        <test-method is-config="true" signature="startBrowser()[pri:0, instance:webapp.application@32eff876]" started-at="2022-10-12T00:36:39 IST" name="startBrowser" finished-at="2022-10-12T00:36:43 IST" duration-ms="3746" status="PASS">
          <reporter-output>
          </reporter-output>
        </test-method> <!-- startBrowser -->
        <test-method signature="Pageloadtime()[pri:1, instance:webapp.application@32eff876]" started-at="2022-10-12T00:36:43 IST" name="Pageloadtime" finished-at="2022-10-12T00:37:07 IST" duration-ms="23460" status="PASS">
          <reporter-output>
          </reporter-output>
        </test-method> <!-- Pageloadtime -->
        <test-method signature="Search()[pri:2, instance:webapp.application@32eff876]" started-at="2022-10-12T00:37:07 IST" name="Search" finished-at="2022-10-12T00:37:12 IST" duration-ms="5131" status="PASS">
          <reporter-output>
          </reporter-output>
        </test-method> <!-- Search -->
        <test-method signature="Scroll()[pri:3, instance:webapp.application@32eff876]" started-at="2022-10-12T00:37:12 IST" name="Scroll" finished-at="2022-10-12T00:37:17 IST" duration-ms="4890" status="PASS">
          <reporter-output>
          </reporter-output>
        </test-method> <!-- Scroll -->
        <test-method signature="Download()[pri:4, instance:webapp.application@32eff876]" started-at="2022-10-12T00:37:17 IST" name="Download" finished-at="2022-10-12T00:37:20 IST" duration-ms="3876" status="PASS">
          <reporter-output>
          </reporter-output>
        </test-method> <!-- Download -->
        <test-method signature="diffBrowser()[pri:5, instance:webapp.application@32eff876]" started-at="2022-10-12T00:37:20 IST" name="diffBrowser" finished-at="2022-10-12T00:37:43 IST" duration-ms="22556" status="PASS">
          <reporter-output>
          </reporter-output>
        </test-method> <!-- diffBrowser -->
        <test-method is-config="true" signature="closeBrowser()[pri:0, instance:webapp.application@32eff876]" started-at="2022-10-12T00:37:43 IST" name="closeBrowser" finished-at="2022-10-12T00:37:46 IST" duration-ms="2482" status="PASS">
          <reporter-output>
          </reporter-output>
        </test-method> <!-- closeBrowser -->
      </class> <!-- webapp.application -->
    </test> <!-- Default test -->
  </suite> <!-- Default suite -->
</testng-results>
