<?xml version="1.0" encoding="UTF-8"?>
<!-- Generated by org.testng.reporters.JUnitXMLReporter -->
<testsuite ignored="0" hostname="LAPTOP-JUSI4RSV" failures="0" tests="3" name="HomeLoanTests" time="0.077" errors="0" timestamp="2022-09-29T00:24:13 IST">
  <testcase classname="loanapplications.HomeLoanApplicationTests" name="APIHomeLoan" time="0.011"/>
  <testcase classname="loanapplications.HomeLoanApplicationTests" name="MobileHomeLoan" time="0.003"/>
  <testcase classname="loanapplications.HomeLoanApplicationTests" name="WebHomeLoan" time="0.005"/>
</testsuite> <!-- HomeLoanTests -->
